0 info it worked if it ends with ok
1 verbose cli [ '/usr/local/bin/node',
1 verbose cli   '/usr/local/bin/npm',
1 verbose cli   'install',
1 verbose cli   'ngImgCache' ]
2 info using npm@2.5.1
3 info using node@v0.12.1
4 warn package.json onsenapp@0.0.0 No repository field.
5 silly cache add args [ 'ngImgCache', null ]
6 verbose cache add spec ngImgCache
7 silly cache add parsed spec { raw: 'ngImgCache',
7 silly cache add   scope: null,
7 silly cache add   name: 'ngImgCache',
7 silly cache add   rawSpec: '',
7 silly cache add   spec: '*',
7 silly cache add   type: 'range' }
8 verbose addNamed ngImgCache@*
9 silly addNamed semver.valid null
10 silly addNamed semver.validRange *
11 silly addNameRange { name: 'ngImgCache', range: '*', hasData: false }
12 silly mapToRegistry name ngImgCache
13 silly mapToRegistry using default registry
14 silly mapToRegistry registry https://registry.npmjs.org/
15 silly mapToRegistry uri https://registry.npmjs.org/ngImgCache
16 verbose addNameRange registry:https://registry.npmjs.org/ngImgCache not in flight; fetching
17 verbose request uri https://registry.npmjs.org/ngImgCache
18 verbose request no auth needed
19 info attempt registry request try #1 at 6:10:22 AM
20 verbose request id 2b258444b04f31e3
21 http request GET https://registry.npmjs.org/ngImgCache
22 http 404 https://registry.npmjs.org/ngImgCache
23 verbose headers { 'content-type': 'application/json',
23 verbose headers   'cache-control': 'max-age=0',
23 verbose headers   'content-length': '2',
23 verbose headers   'accept-ranges': 'bytes',
23 verbose headers   date: 'Sat, 28 Nov 2015 00:40:23 GMT',
23 verbose headers   via: '1.1 varnish',
23 verbose headers   age: '0',
23 verbose headers   connection: 'keep-alive',
23 verbose headers   'x-served-by': 'cache-sin6921-SIN',
23 verbose headers   'x-cache': 'MISS',
23 verbose headers   'x-cache-hits': '0',
23 verbose headers   'x-timer': 'S1448671223.108837,VS0,VE211' }
24 silly get cb [ 404,
24 silly get   { 'content-type': 'application/json',
24 silly get     'cache-control': 'max-age=0',
24 silly get     'content-length': '2',
24 silly get     'accept-ranges': 'bytes',
24 silly get     date: 'Sat, 28 Nov 2015 00:40:23 GMT',
24 silly get     via: '1.1 varnish',
24 silly get     age: '0',
24 silly get     connection: 'keep-alive',
24 silly get     'x-served-by': 'cache-sin6921-SIN',
24 silly get     'x-cache': 'MISS',
24 silly get     'x-cache-hits': '0',
24 silly get     'x-timer': 'S1448671223.108837,VS0,VE211' } ]
25 verbose stack Error: Registry returned 404 for GET on https://registry.npmjs.org/ngImgCache
25 verbose stack     at CachingRegistryClient.<anonymous> (/usr/local/lib/node_modules/npm/node_modules/npm-registry-client/lib/request.js:244:14)
25 verbose stack     at Request._callback (/usr/local/lib/node_modules/npm/node_modules/npm-registry-client/lib/request.js:178:14)
25 verbose stack     at Request.self.callback (/usr/local/lib/node_modules/npm/node_modules/request/request.js:344:22)
25 verbose stack     at Request.emit (events.js:110:17)
25 verbose stack     at Request.<anonymous> (/usr/local/lib/node_modules/npm/node_modules/request/request.js:1239:14)
25 verbose stack     at Request.emit (events.js:129:20)
25 verbose stack     at IncomingMessage.<anonymous> (/usr/local/lib/node_modules/npm/node_modules/request/request.js:1187:12)
25 verbose stack     at IncomingMessage.emit (events.js:129:20)
25 verbose stack     at _stream_readable.js:908:16
25 verbose stack     at process._tickCallback (node.js:355:11)
26 verbose statusCode 404
27 verbose pkgid ngImgCache
28 verbose cwd /home/raakesh/shaashtra_app/HybridApp
29 error Linux 3.19.0-33-generic
30 error argv "/usr/local/bin/node" "/usr/local/bin/npm" "install" "ngImgCache"
31 error node v0.12.1
32 error npm  v2.5.1
33 error code E404
34 error 404 Registry returned 404 for GET on https://registry.npmjs.org/ngImgCache
34 error 404
34 error 404 'ngImgCache' is not in the npm registry.
34 error 404 You should bug the author to publish it (or use the name yourself!)
34 error 404 It was specified as a dependency of 'onsenapp'
34 error 404
34 error 404 Note that you can also install from a
34 error 404 tarball, folder, http url, or git url.
35 verbose exit [ 1, true ]
